<?xml version="1.0" encoding="UTF-8"?>
<!-- Generated by org.testng.reporters.JUnitReportReporter -->
<testsuite hostname="LAPTOP-V2NOMDAU" failures="0" tests="2" name="Basics.ste2_jsonfile" time="2.593" errors="0" timestamp="11 Aug 2021 07:47:45 GMT" skipped="0">
  <testcase classname="Basics.ste2_jsonfile" name="addBook" time="2.497"/>
  <testcase classname="Basics.ste2_jsonfile" name="addBook" time="0.096"/>
</testsuite> <!-- Basics.ste2_jsonfile -->
